2025-03-11 14:42:29,674 - INFO - Starting to scrape S&P 500 futures data
2025-03-11 14:42:29,674 - INFO - Fetching S&P 500 futures data (attempt 1/3)
2025-03-11 14:42:30,667 - INFO - Successfully scraped S&P 500 futures data
2025-03-11 14:42:30,668 - INFO - Scraping completed successfully in 0.99 seconds
2025-03-11 14:42:30,668 - INFO - Data saved to sp500_futures_data/sp500_futures_20250311_144230.json
2025-03-11 14:42:30,668 - INFO - Data collection completed. Exiting program.
2025-03-11 14:42:48,457 - INFO - Starting to scrape S&P 500 futures data
2025-03-11 14:42:48,457 - INFO - Fetching S&P 500 futures data (attempt 1/3)
2025-03-11 14:42:49,494 - INFO - Successfully scraped S&P 500 futures data
2025-03-11 14:42:49,495 - INFO - Scraping completed successfully in 1.04 seconds
2025-03-11 14:42:49,495 - INFO - Data saved to sp500_futures_data/sp500_futures_20250311_144249.json
2025-03-11 14:42:49,495 - INFO - Data collection completed. Exiting program.
2025-03-11 14:43:41,809 - INFO - Starting to scrape S&P 500 futures data
2025-03-11 14:43:41,809 - INFO - Fetching S&P 500 futures data (attempt 1/3)
2025-03-11 14:43:42,700 - INFO - Successfully scraped S&P 500 futures data
2025-03-11 14:43:42,701 - INFO - Scraping completed successfully in 0.89 seconds
2025-03-11 14:43:42,701 - INFO - Data saved to sp500_futures_data/sp500_futures_20250311_144342.json
2025-03-11 14:43:42,701 - INFO - Data collection completed. Exiting program.
2025-03-11 14:45:18,427 - INFO - Starting to scrape S&P 500 futures data
2025-03-11 14:45:18,427 - INFO - Fetching S&P 500 futures data (attempt 1/3)
2025-03-11 14:45:19,319 - ERROR - Error parsing volume from fin-streamer: invalid literal for int() with base 10: '163.52k'
2025-03-11 14:45:19,322 - INFO - Successfully scraped S&P 500 futures data
2025-03-11 14:45:19,324 - INFO - Scraping completed successfully in 0.90 seconds
2025-03-11 14:45:19,324 - INFO - Data saved to sp500_futures_data/sp500_futures_20250311_144519.json
2025-03-11 14:45:19,324 - INFO - Data collection completed. Exiting program.
2025-03-11 14:45:40,264 - INFO - Starting to scrape S&P 500 futures data
2025-03-11 14:45:40,264 - INFO - Fetching S&P 500 futures data (attempt 1/3)
2025-03-11 14:45:41,169 - INFO - Successfully scraped S&P 500 futures data
2025-03-11 14:45:41,170 - INFO - Scraping completed successfully in 0.91 seconds
2025-03-11 14:45:41,171 - INFO - Data saved to sp500_futures_data/sp500_futures_20250311_144541.json
2025-03-11 14:45:41,172 - INFO - Data collection completed. Exiting program.
2025-03-11 14:46:50,249 - INFO - Starting to scrape S&P 500 futures data
2025-03-11 14:46:50,250 - INFO - Fetching S&P 500 futures data (attempt 1/3)
2025-03-11 14:46:51,261 - INFO - Successfully scraped S&P 500 futures data
2025-03-11 14:46:51,262 - INFO - Scraping completed successfully in 1.01 seconds
2025-03-11 14:46:51,263 - INFO - Data saved to sp500_futures_data/sp500_futures_20250311_144651.json
2025-03-11 14:46:51,263 - INFO - Data collection completed. Exiting program.
2025-03-11 14:47:11,849 - INFO - Starting to scrape S&P 500 futures data
2025-03-11 14:47:11,849 - INFO - Fetching S&P 500 futures data (attempt 1/3)
2025-03-11 14:47:12,665 - INFO - Successfully scraped S&P 500 futures data
2025-03-11 14:47:12,666 - INFO - Scraping completed successfully in 0.82 seconds
2025-03-11 14:47:12,666 - INFO - Data saved to sp500_futures_data/sp500_futures_20250311_144712.json
2025-03-11 14:47:12,666 - INFO - Data collection completed. Exiting program.
2025-03-11 14:48:27,737 - INFO - Starting to scrape S&P 500 futures data
2025-03-11 14:48:27,737 - INFO - Fetching S&P 500 futures data (attempt 1/3)
2025-03-11 14:48:28,613 - INFO - Successfully scraped S&P 500 futures data
2025-03-11 14:48:28,614 - ERROR - Fatal error: name 'timedelta' is not defined
2025-03-11 14:53:56,947 - INFO - Starting to scrape S&P 500 futures data
2025-03-11 14:53:56,947 - INFO - Fetching S&P 500 futures data (attempt 1/3)
2025-03-11 14:53:58,002 - INFO - Successfully scraped S&P 500 futures data
2025-03-11 14:53:58,005 - INFO - Fetching historical data from 2024-03-11 to 2025-03-11 (attempt 1/3)
2025-03-11 14:53:59,136 - ERROR - Error scraping historical data: Could not find historical data table
2025-03-11 14:54:04,141 - INFO - Fetching historical data from 2024-03-11 to 2025-03-11 (attempt 2/3)
2025-03-11 14:54:05,112 - ERROR - Error scraping historical data: Could not find historical data table
2025-03-11 14:54:15,117 - INFO - Fetching historical data from 2024-03-11 to 2025-03-11 (attempt 3/3)
2025-03-11 14:54:16,501 - ERROR - Error scraping historical data: Could not find historical data table
2025-03-11 14:54:16,504 - ERROR - Scraping failed in 19.56 seconds
2025-03-11 14:54:16,504 - INFO - Data saved to sp500_futures_data/sp500_futures_20250311_145416.json
2025-03-11 14:54:16,504 - INFO - Data collection completed. Exiting program.
2025-03-11 14:59:13,381 - INFO - Starting to scrape S&P 500 futures data
2025-03-11 14:59:13,381 - INFO - Fetching S&P 500 futures data (attempt 1/3)
2025-03-11 14:59:14,352 - INFO - Successfully scraped S&P 500 futures data
2025-03-11 14:59:14,355 - INFO - Fetching historical data from 2024-09-12 to 2025-03-11 (attempt 1/3)
2025-03-11 14:59:15,289 - ERROR - Error scraping historical data: Could not find historical data table
2025-03-11 14:59:20,294 - INFO - Fetching historical data from 2024-09-12 to 2025-03-11 (attempt 2/3)
2025-03-11 14:59:21,405 - ERROR - Error scraping historical data: Could not find historical data table
2025-03-11 14:59:31,411 - INFO - Fetching historical data from 2024-09-12 to 2025-03-11 (attempt 3/3)
2025-03-11 14:59:32,472 - ERROR - Error scraping historical data: Could not find historical data table
2025-03-11 14:59:32,473 - ERROR - Scraping failed in 19.09 seconds
2025-03-11 14:59:32,473 - INFO - Data saved to sp500_futures_data/sp500_futures_20250311_145932.json
2025-03-11 14:59:32,473 - INFO - Data collection completed. Exiting program.
2025-03-11 15:48:19,900 - INFO - Starting to scrape S&P 500 futures data
2025-03-11 15:48:19,900 - INFO - Fetching S&P 500 futures data (attempt 1/3)
2025-03-11 15:48:20,980 - INFO - Successfully scraped S&P 500 futures data
2025-03-11 15:48:20,984 - INFO - Fetching historical data from 2024-09-12 to 2025-03-11 (attempt 1/3)
2025-03-11 15:48:21,852 - ERROR - Error scraping historical data: Could not find required data in the page
2025-03-11 15:48:26,858 - INFO - Fetching historical data from 2024-09-12 to 2025-03-11 (attempt 2/3)
2025-03-11 15:48:27,907 - ERROR - Error scraping historical data: Could not find required data in the page
2025-03-11 15:48:37,912 - INFO - Fetching historical data from 2024-09-12 to 2025-03-11 (attempt 3/3)
2025-03-11 15:48:38,592 - ERROR - Error scraping historical data: Could not find required data in the page
2025-03-11 15:48:38,593 - ERROR - Scraping failed in 18.69 seconds
2025-03-11 15:48:38,594 - INFO - Data saved to sp500_futures_data/sp500_futures_20250311_154838.json
2025-03-11 15:48:38,594 - INFO - Data collection completed. Exiting program.
